Bitmap's width (32) is not a multiple of frame width (40) [Bitmap=Plugins/Voltseon's Pause Menu/Graphics/arrowLeft_0]

007_SpriteWrapper.rb:138:in `initializeLong'
007_SpriteWrapper.rb:189:in `initialize'
[Voltseon's Pog Menu] 001_VoltseonMenu.rb:449:in `new'
[Voltseon's Pog Menu] 001_VoltseonMenu.rb:449:in `initialize'
002_Scene_Map.rb:99:in `new'
002_Scene_Map.rb:99:in `call_menu'
002_Scene_Map.rb:196:in `update'
[Following Pokemon EX] 004_Follower_Overrides.rb:678:in `update'
002_Scene_Map.rb:217:in `block in main'
002_Scene_Map.rb:214:in `loop'
002_Scene_Map.rb:214:in `main'
999_Main.rb:34:in `mainFunctionDebug'
999_Main.rb:20:in `mainFunction'
999_Main.rb:44:in `block (2 levels) in load_scripts_from_folder'
999_Main.rb:43:in `loop'
999_Main.rb:43:in `block in load_scripts_from_folder'
000:Main:31:in `eval'
000:Main:31:in `block in load_scripts_from_folder'
000:Main:28:in `each'
000:Main:28:in `load_scripts_from_folder'
000:Main:41:in `block in load_scripts_from_folder'
000:Main:40:in `each'
000:Main:40:in `load_scripts_from_folder'
000:Main:45:in `<main>'
-e:in `eval'